<?xml version="1.0" encoding="UTF-8"?>
<!-- Generated by org.testng.reporters.JUnitReportReporter -->
<testsuite skipped="0" hostname="ANAND" name="com.CRM.testcases.PartiesPageTest" tests="4" failures="0" timestamp="18 Sep 2021 19:22:20 GMT" time="4.935" errors="0">
  <testcase name="verifying_new_user_creation" time="2.434" classname="com.CRM.testcases.PartiesPageTest"/>
  <testcase name="verifying_new_case_creation" time="2.434" classname="com.CRM.testcases.PartiesPageTest"/>
  <testcase name="verifying_case_creation_for_user" time="0.037" classname="com.CRM.testcases.PartiesPageTest"/>
  <testcase name="verifying_case_status" time="0.030" classname="com.CRM.testcases.PartiesPageTest"/>
</testsuite> <!-- com.CRM.testcases.PartiesPageTest -->
